<?xml version="1.0" encoding="UTF-8" ?>
<testsuite tests="6" failures="0" name="cucumber.Options.TestRuner" time="15.385" errors="0" skipped="0">
  <properties>
[...]
</properties>
  <testcase classname="Validate AddPlace API" name="Validate that user can send AddPlace successfully #1" time="7.53"/>
  <testcase classname="Validate AddPlace API" name="Validate that user can send AddPlace successfully #2" time="1.508"/>
  <testcase classname="Validate AddPlace API" name="Validate that user can send AddPlace successfully #3" time="1.585"/>
  <testcase classname="Validate AddPlace API" name="Validate that user can send AddPlace successfully #4" time="1.393"/>
  <testcase classname="Validate AddPlace API" name="Validate that user can send AddPlace successfully #5" time="1.35"/>
  <testcase classname="Validate AddPlace API" name="Validate that user can Delete" time="2.019"/>
</testsuite>